<?xml version="1.0" encoding="utf-8"?><testsuites name="pytest tests"><testsuite name="pytest" errors="0" failures="0" skipped="0" tests="14" time="1.731" timestamp="2026-06-08T10:50:50.677567+00:00" hostname="agent-env-b8b6c8bd-251b-4ae0-916b-e786d6d76a32"><testcase classname="backend.tests.test_phase6.TestZerodhaAccount" name="test_account_full_overview" time="0.338" /><testcase classname="backend.tests.test_phase6.TestZerodhaAccount" name="test_funds" time="0.044" /><testcase classname="backend.tests.test_phase6.TestZerodhaAccount" name="test_profile" time="0.046" /><testcase classname="backend.tests.test_phase6.TestZerodhaAccount" name="test_orders" time="0.044" /><testcase classname="backend.tests.test_phase6.TestZerodhaAccount" name="test_holdings" time="0.046" /><testcase classname="backend.tests.test_phase6.TestQuickTrade" name="test_quick_trade_places_order_and_creates_trade" time="0.093" /><testcase classname="backend.tests.test_phase6.TestQuickTrade" name="test_quick_trade_missing_field" time="0.045" /><testcase classname="backend.tests.test_phase6.TestStockSearch" name="test_search_reliance" time="0.044" /><testcase classname="backend.tests.test_phase6.TestStockSearch" name="test_search_empty" time="0.047" /><testcase classname="backend.tests.test_phase6.TestAutoLogin" name="test_auto_login_returns_token" time="0.104" /><testcase classname="backend.tests.test_phase6.TestRegression" name="test_top_picks" time="0.048" /><testcase classname="backend.tests.test_phase6.TestRegression" name="test_news" time="0.640" /><testcase classname="backend.tests.test_phase6.TestRegression" name="test_journal_stats" time="0.054" /><testcase classname="backend.tests.test_phase6.TestRegression" name="test_zerodha_status" time="0.050" /></testsuite></testsuites>