<?xml version="1.0" encoding="utf-8"?><testsuites name="pytest tests"><testsuite name="pytest" errors="0" failures="0" skipped="0" tests="17" time="3.288" timestamp="2026-06-08T11:54:30.930677+00:00" hostname="agent-env-b8b6c8bd-251b-4ae0-916b-e786d6d76a32"><testcase classname="backend.tests.test_phase7.TestRealMarketOverview" name="test_overview_returns_real_yahoo_data" time="0.283" /><testcase classname="backend.tests.test_phase7.TestRealMarketOverview" name="test_nifty_value_in_realistic_range" time="0.045" /><testcase classname="backend.tests.test_phase7.TestRealMarketOverview" name="test_banknifty_value_in_realistic_range" time="0.048" /><testcase classname="backend.tests.test_phase7.TestRealMarketOverview" name="test_sensex_value_in_realistic_range" time="0.044" /><testcase classname="backend.tests.test_phase7.TestRealMarketOverview" name="test_market_status_present" time="0.052" /><testcase classname="backend.tests.test_phase7.TestRealStockQuote" name="test_reliance_real_price" time="0.507" /><testcase classname="backend.tests.test_phase7.TestRealStockQuote" name="test_tcs_real_price" time="0.254" /><testcase classname="backend.tests.test_phase7.TestWhatsAppLive" name="test_status_configured_live" time="0.048" /><testcase classname="backend.tests.test_phase7.TestWhatsAppLive" name="test_send_test_message_via_twilio" time="0.364" /><testcase classname="backend.tests.test_phase7.TestRegression" name="test_auto_login_still_works" time="0.046" /><testcase classname="backend.tests.test_phase7.TestRegression" name="test_top_picks" time="0.047" /><testcase classname="backend.tests.test_phase7.TestRegression" name="test_news_feed" time="1.251" /><testcase classname="backend.tests.test_phase7.TestRegression" name="test_trades_endpoint" time="0.048" /><testcase classname="backend.tests.test_phase7.TestRegression" name="test_journal_endpoint" time="0.049" /><testcase classname="backend.tests.test_phase7.TestRegression" name="test_zerodha_status" time="0.044" /><testcase classname="backend.tests.test_phase7.TestRegression" name="test_zerodha_account" time="0.045" /><testcase classname="backend.tests.test_phase7.TestRegression" name="test_stock_search" time="0.048" /></testsuite></testsuites>