<?xml version="1.0" encoding="utf-8"?><testsuites name="pytest tests"><testsuite name="pytest" errors="0" failures="0" skipped="0" tests="14" time="2.053" timestamp="2026-06-08T09:55:13.842029+00:00" hostname="agent-env-b8b6c8bd-251b-4ae0-916b-e786d6d76a32"><testcase classname="backend.tests.test_phase4.TestMonitor" name="test_health_requires_auth" time="0.252" /><testcase classname="backend.tests.test_phase4.TestMonitor" name="test_health_returns_score" time="0.384" /><testcase classname="backend.tests.test_phase4.TestMonitor" name="test_run_monitor" time="0.046" /><testcase classname="backend.tests.test_phase4.TestMonitor" name="test_alerts_list" time="0.044" /><testcase classname="backend.tests.test_phase4.TestWhatsApp" name="test_status" time="0.045" /><testcase classname="backend.tests.test_phase4.TestWhatsApp" name="test_test_send_simulated" time="0.045" /><testcase classname="backend.tests.test_phase4.TestWhatsApp" name="test_configure_saves_phone" time="0.043" /><testcase classname="backend.tests.test_phase4.TestZerodha" name="test_urls_public" time="0.099" /><testcase classname="backend.tests.test_phase4.TestZerodha" name="test_callback_cancelled_redirect" time="0.099" /><testcase classname="backend.tests.test_phase4.TestZerodha" name="test_postback_accepts_json" time="0.161" /><testcase classname="backend.tests.test_phase4.TestDataSources" name="test_data_sources_includes_whatsapp" time="0.099" /><testcase classname="backend.tests.test_phase4.TestStockEndpoints" name="test_reliance_detail" time="0.102" /><testcase classname="backend.tests.test_phase4.TestStockEndpoints" name="test_reliance_intraday" time="0.276" /><testcase classname="backend.tests.test_phase4.TestStockEndpoints" name="test_reliance_live" time="0.179" /></testsuite></testsuites>