<?xml version="1.0" encoding="utf-8"?><testsuites name="pytest tests"><testsuite name="pytest" errors="0" failures="0" skipped="0" tests="82" time="45.751" timestamp="2026-06-08T10:50:59.176322+00:00" hostname="agent-env-b8b6c8bd-251b-4ae0-916b-e786d6d76a32"><testcase classname="backend.tests.test_backend" name="test_api_root" time="0.150" /><testcase classname="backend.tests.test_backend.TestAuth" name="test_register_new_user_and_login" time="0.936" /><testcase classname="backend.tests.test_backend.TestAuth" name="test_login_invalid" time="0.103" /><testcase classname="backend.tests.test_backend.TestAuth" name="test_me_requires_auth" time="0.102" /><testcase classname="backend.tests.test_backend.TestMarket" name="test_market_endpoints[overview]" time="0.098" /><testcase classname="backend.tests.test_backend.TestMarket" name="test_market_endpoints[gainers]" time="0.136" /><testcase classname="backend.tests.test_backend.TestMarket" name="test_market_endpoints[losers]" time="0.113" /><testcase classname="backend.tests.test_backend.TestMarket" name="test_market_endpoints[sectors]" time="0.100" /><testcase classname="backend.tests.test_backend.TestMarket" name="test_market_endpoints[global]" time="0.101" /><testcase classname="backend.tests.test_backend.TestMarket" name="test_market_endpoints[commodities]" time="0.102" /><testcase classname="backend.tests.test_backend.TestMarket" name="test_market_endpoints[fii-dii]" time="0.111" /><testcase classname="backend.tests.test_backend.TestMarket" name="test_market_endpoints[activity-feed]" time="0.110" /><testcase classname="backend.tests.test_backend.TestMarket" name="test_overview_shape" time="0.100" /><testcase classname="backend.tests.test_backend.TestStocks" name="test_universe" time="0.095" /><testcase classname="backend.tests.test_backend.TestStocks" name="test_search" time="0.109" /><testcase classname="backend.tests.test_backend.TestStocks" name="test_stock_detail_and_chart" time="0.368" /><testcase classname="backend.tests.test_backend.TestStocks" name="test_stock_not_found" time="0.097" /><testcase classname="backend.tests.test_backend.TestAnalysis" name="test_top_picks" time="0.099" /><testcase classname="backend.tests.test_backend.TestTrades" name="test_trade_lifecycle" time="0.684" /><testcase classname="backend.tests.test_backend.TestTrades" name="test_trades_requires_auth" time="0.095" /><testcase classname="backend.tests.test_backend.TestPortfolio" name="test_portfolio_and_summary" time="0.204" /><testcase classname="backend.tests.test_backend.TestNotifications" name="test_notifications_list" time="0.044" /><testcase classname="backend.tests.test_backend.TestNotifications" name="test_mark_all_read" time="0.083" /><testcase classname="backend.tests.test_backend.TestSIP" name="test_calculator" time="0.099" /><testcase classname="backend.tests.test_backend.TestSettings" name="test_get_and_update_settings" time="0.128" /><testcase classname="backend.tests.test_backend.TestChat" name="test_chat_message" time="3.613" /><testcase classname="backend.tests.test_backend.TestChat" name="test_chat_history" time="0.044" /><testcase classname="backend.tests.test_phase2.TestDataSources" name="test_data_sources_status" time="0.117" /><testcase classname="backend.tests.test_phase2.TestZerodha" name="test_zerodha_status" time="0.430" /><testcase classname="backend.tests.test_phase2.TestZerodha" name="test_zerodha_status_requires_auth" time="0.100" /><testcase classname="backend.tests.test_phase2.TestZerodha" name="test_zerodha_login_url" time="0.097" /><testcase classname="backend.tests.test_phase2.TestZerodha" name="test_zerodha_holdings_simulated" time="0.132" /><testcase classname="backend.tests.test_phase2.TestZerodha" name="test_zerodha_positions_simulated" time="0.102" /><testcase classname="backend.tests.test_phase2.TestZerodha" name="test_zerodha_place_order_mock" time="0.098" /><testcase classname="backend.tests.test_phase2.TestStockLiveAndIntraday" name="test_stock_live_has_source" time="0.254" /><testcase classname="backend.tests.test_phase2.TestStockLiveAndIntraday" name="test_stock_intraday_has_source" time="0.189" /><testcase classname="backend.tests.test_phase2.TestGoogleOAuth" name="test_google_session_missing_session_id" time="0.099" /><testcase classname="backend.tests.test_phase2.TestGoogleOAuth" name="test_google_session_invalid_session_id" time="0.181" /><testcase classname="backend.tests.test_phase2.TestWebSocket" name="test_websocket_connect_and_ping" time="0.197" /><testcase classname="backend.tests.test_phase2.TestWebSocket" name="test_websocket_subscribe_prices" time="0.196" /><testcase classname="backend.tests.test_phase4.TestMonitor" name="test_health_requires_auth" time="0.103" /><testcase classname="backend.tests.test_phase4.TestMonitor" name="test_health_returns_score" time="0.387" /><testcase classname="backend.tests.test_phase4.TestMonitor" name="test_run_monitor" time="0.048" /><testcase classname="backend.tests.test_phase4.TestMonitor" name="test_alerts_list" time="0.047" /><testcase classname="backend.tests.test_phase4.TestWhatsApp" name="test_status" time="0.045" /><testcase classname="backend.tests.test_phase4.TestWhatsApp" name="test_test_send_simulated" time="0.045" /><testcase classname="backend.tests.test_phase4.TestWhatsApp" name="test_configure_saves_phone" time="0.049" /><testcase classname="backend.tests.test_phase4.TestZerodha" name="test_urls_public" time="0.099" /><testcase classname="backend.tests.test_phase4.TestZerodha" name="test_callback_cancelled_redirect" time="0.101" /><testcase classname="backend.tests.test_phase4.TestZerodha" name="test_postback_accepts_json" time="0.098" /><testcase classname="backend.tests.test_phase4.TestDataSources" name="test_data_sources_includes_whatsapp" time="0.097" /><testcase classname="backend.tests.test_phase4.TestStockEndpoints" name="test_reliance_detail" time="0.097" /><testcase classname="backend.tests.test_phase4.TestStockEndpoints" name="test_reliance_intraday" time="0.199" /><testcase classname="backend.tests.test_phase4.TestStockEndpoints" name="test_reliance_live" time="0.200" /><testcase classname="backend.tests.test_phase5.TestAutoLogin" name="test_auto_login_returns_admin" time="0.102" /><testcase classname="backend.tests.test_phase5.TestAutoLogin" name="test_auto_login_sets_cookie" time="0.046" /><testcase classname="backend.tests.test_phase5.TestNews" name="test_news_list" time="0.053" /><testcase classname="backend.tests.test_phase5.TestNews" name="test_news_for_stock" time="0.046" /><testcase classname="backend.tests.test_phase5.TestJournal" name="test_journal_requires_auth" time="0.108" /><testcase classname="backend.tests.test_phase5.TestJournal" name="test_journal_list" time="0.177" /><testcase classname="backend.tests.test_phase5.TestJournal" name="test_journal_stats" time="0.046" /><testcase classname="backend.tests.test_phase5.TestFullReport" name="test_full_report_scoring" time="31.964" /><testcase classname="backend.tests.test_phase5.TestFullReport" name="test_full_report_invalid_symbol" time="0.051" /><testcase classname="backend.tests.test_phase5.TestZerodha" name="test_status_configured" time="0.050" /><testcase classname="backend.tests.test_phase5.TestZerodha" name="test_data_sources_includes_zerodha" time="0.047" /><testcase classname="backend.tests.test_phase5.TestDashboardComposite" name="test_market_overview" time="0.045" /><testcase classname="backend.tests.test_phase5.TestDashboardComposite" name="test_activity_feed" time="0.134" /><testcase classname="backend.tests.test_phase5.TestDashboardComposite" name="test_portfolio_health" time="0.051" /><testcase classname="backend.tests.test_phase6.TestZerodhaAccount" name="test_account_full_overview" time="0.188" /><testcase classname="backend.tests.test_phase6.TestZerodhaAccount" name="test_funds" time="0.046" /><testcase classname="backend.tests.test_phase6.TestZerodhaAccount" name="test_profile" time="0.051" /><testcase classname="backend.tests.test_phase6.TestZerodhaAccount" name="test_orders" time="0.047" /><testcase classname="backend.tests.test_phase6.TestZerodhaAccount" name="test_holdings" time="0.046" /><testcase classname="backend.tests.test_phase6.TestQuickTrade" name="test_quick_trade_places_order_and_creates_trade" time="0.090" /><testcase classname="backend.tests.test_phase6.TestQuickTrade" name="test_quick_trade_missing_field" time="0.045" /><testcase classname="backend.tests.test_phase6.TestStockSearch" name="test_search_reliance" time="0.045" /><testcase classname="backend.tests.test_phase6.TestStockSearch" name="test_search_empty" time="0.043" /><testcase classname="backend.tests.test_phase6.TestAutoLogin" name="test_auto_login_returns_token" time="0.095" /><testcase classname="backend.tests.test_phase6.TestRegression" name="test_top_picks" time="0.048" /><testcase classname="backend.tests.test_phase6.TestRegression" name="test_news" time="0.046" /><testcase classname="backend.tests.test_phase6.TestRegression" name="test_journal_stats" time="0.052" /><testcase classname="backend.tests.test_phase6.TestRegression" name="test_zerodha_status" time="0.046" /></testsuite></testsuites>